2025-01-01 15:55:59,433 - Logger - INFO - Message sent successfully!
2025-01-01 15:56:22,049 - Logger - INFO - Message sent successfully!
2025-01-01 15:59:21,253 - Logger - INFO - Message sent successfully!
message: Hello, World!
2025-01-01 16:32:59,511 - Logger - INFO - Player 박선우 inserted successfully!
2025-01-01 16:32:59,512 - Logger - INFO - Players requested successfully!
2025-01-01 16:32:59,512 - Logger - INFO - [(1, '박선우', '신송고', '1231')]
2025-01-01 16:33:02,432 - Logger - INFO - Player 박선우 inserted successfully!
2025-01-01 16:33:02,433 - Logger - INFO - Players requested successfully!
2025-01-01 16:33:02,433 - Logger - INFO - [(1, '박선우', '신송고', '1231'), (2, '박선우', '신송고', '1231')]
2025-01-01 16:33:32,825 - Logger - INFO - Player 박선우 inserted successfully!
2025-01-01 16:33:32,825 - Logger - INFO - Players requested successfully!
2025-01-01 16:33:32,825 - Logger - INFO - [(1, '박선우', '신송고', '1231')]
2025-01-01 16:44:24,337 - Logger - INFO - Players requested successfully!
2025-01-01 16:46:23,856 - Logger - INFO - Players requested successfully!
2025-01-01 16:47:46,471 - Logger - INFO - Player 12 inserted successfully!
2025-01-01 16:47:53,517 - Logger - INFO - Players requested successfully!
2025-01-01 16:55:51,586 - Logger - INFO - Players requested successfully!
2025-01-01 16:55:52,212 - Logger - INFO - Players requested successfully!
2025-01-01 16:55:52,459 - Logger - INFO - Players requested successfully!
2025-01-01 16:56:07,013 - Logger - INFO - Players requested successfully!
2025-01-01 16:56:14,814 - Logger - INFO - Player 12 inserted successfully!
2025-01-01 16:56:15,938 - Logger - INFO - Players requested successfully!
2025-01-01 16:56:17,238 - Logger - INFO - Players requested successfully!
2025-01-01 16:56:31,277 - Logger - INFO - Players requested successfully!
2025-01-01 16:58:57,769 - Logger - INFO - Players requested successfully!
2025-01-01 16:59:00,807 - Logger - INFO - Player 12 inserted successfully!
2025-01-01 16:59:02,882 - Logger - INFO - Player 12 inserted successfully!
2025-01-01 16:59:03,933 - Logger - INFO - Players requested successfully!
2025-01-01 16:59:06,403 - Logger - INFO - Players requested successfully!
2025-01-01 16:59:06,968 - Logger - INFO - Players requested successfully!
2025-01-01 17:00:27,200 - Logger - INFO - Players requested successfully!
2025-01-01 17:00:28,091 - Logger - INFO - Players requested successfully!
2025-01-01 17:00:36,141 - Logger - INFO - Player 박선우 inserted successfully!
2025-01-01 17:00:44,039 - Logger - INFO - Players requested successfully!
2025-01-01 17:01:44,651 - Logger - INFO - Players requested successfully!
2025-01-01 17:01:51,650 - Logger - INFO - Player 박선우 inserted successfully!
2025-01-01 17:03:42,094 - Logger - INFO - Players requested successfully!
2025-01-01 17:03:52,726 - Logger - INFO - Player 박선우 inserted successfully!
2025-01-01 17:03:53,898 - Logger - INFO - Players requested successfully!
2025-01-01 17:06:08,250 - Logger - INFO - Player 박선우 inserted successfully!
2025-01-01 17:06:09,508 - Logger - INFO - Players requested successfully!
2025-01-01 17:10:42,722 - Logger - INFO - Players requested successfully!
2025-01-01 17:10:55,389 - Logger - INFO - Player 박선우 inserted successfully!
2025-01-01 17:10:55,697 - Logger - INFO - Message sent successfully!
message:
박선우님이 새로 등록했습니다!
2025-01-01 17:10:55,698 - Logger - INFO - Players requested successfully!
2025-01-01 17:10:56,019 - Logger - INFO - Message sent successfully!
message:
이름: 박선우	학교: 신송고	시작 가능 시간: 2025-01-01 20:00:00

2025-01-01 17:39:31,317 - Logger - INFO - Players requested successfully!
2025-01-01 17:43:34,084 - Logger - INFO - Players requested successfully!
2025-01-01 17:44:28,745 - Logger - INFO - Players requested successfully!
